0 info it worked if it ends with ok
1 verbose cli [ 'D:\\ProgramFiles\\nodejs\\node.exe',
1 verbose cli   'D:\\ProgramFiles\\nodejs\\node_modules\\npm\\bin\\npm-cli.js',
1 verbose cli   'run',
1 verbose cli   'start' ]
2 info using npm@2.15.5
3 info using node@v4.4.5
4 verbose run-script [ 'prestart', 'start', 'poststart' ]
5 info prestart crsoq@1.0.1
6 verbose unsafe-perm in lifecycle true
7 info start crsoq@1.0.1
8 verbose unsafe-perm in lifecycle true
9 info crsoq@1.0.1 Failed to exec start script
10 verbose stack Error: crsoq@1.0.1 start: `node ./server/server.js`
10 verbose stack Exit status 1
10 verbose stack     at EventEmitter.<anonymous> (D:\ProgramFiles\nodejs\node_modules\npm\lib\utils\lifecycle.js:217:16)
10 verbose stack     at emitTwo (events.js:87:13)
10 verbose stack     at EventEmitter.emit (events.js:172:7)
10 verbose stack     at ChildProcess.<anonymous> (D:\ProgramFiles\nodejs\node_modules\npm\lib\utils\spawn.js:24:14)
10 verbose stack     at emitTwo (events.js:87:13)
10 verbose stack     at ChildProcess.emit (events.js:172:7)
10 verbose stack     at maybeClose (internal/child_process.js:827:16)
10 verbose stack     at Process.ChildProcess._handle.onexit (internal/child_process.js:211:5)
11 verbose pkgid crsoq@1.0.1
12 verbose cwd D:\xampp\htdocs\Proyecto3\CRSoq
13 error Windows_NT 10.0.19043
14 error argv "D:\\ProgramFiles\\nodejs\\node.exe" "D:\\ProgramFiles\\nodejs\\node_modules\\npm\\bin\\npm-cli.js" "run" "start"
15 error node v4.4.5
16 error npm  v2.15.5
17 error code ELIFECYCLE
18 error crsoq@1.0.1 start: `node ./server/server.js`
18 error Exit status 1
19 error Failed at the crsoq@1.0.1 start script 'node ./server/server.js'.
19 error This is most likely a problem with the crsoq package,
19 error not with npm itself.
19 error Tell the author that this fails on your system:
19 error     node ./server/server.js
19 error You can get information on how to open an issue for this project with:
19 error     npm bugs crsoq
19 error Or if that isn't available, you can get their info via:
19 error
19 error     npm owner ls crsoq
19 error There is likely additional logging output above.
20 verbose exit [ 1, true ]
